<?xml version="1.0" encoding="UTF-8"?>
<testsuite name="community.community.PropertyTest" tests="1" skipped="0" failures="0" errors="0" timestamp="2020-03-24T13:20:17" hostname="Jiui-MacBookPro.local" time="0.238">
  <properties/>
  <testcase name="test" classname="community.community.PropertyTest" time="0.238"/>
  <system-out><![CDATA[22:20:10.799 [Test worker] DEBUG org.springframework.test.annotation.ProfileValueUtils - Retrieved @ProfileValueSourceConfiguration [null] for test class [community.community.PropertyTest]
22:20:10.799 [Test worker] DEBUG org.springframework.test.annotation.ProfileValueUtils - Retrieved ProfileValueSource type [class org.springframework.test.annotation.SystemProfileValueSource] for class [community.community.PropertyTest]
22:20:10.800 [Test worker] DEBUG org.springframework.test.annotation.ProfileValueUtils - Retrieved @ProfileValueSourceConfiguration [null] for test class [community.community.PropertyTest]
22:20:10.800 [Test worker] DEBUG org.springframework.test.annotation.ProfileValueUtils - Retrieved ProfileValueSource type [class org.springframework.test.annotation.SystemProfileValueSource] for class [community.community.PropertyTest]
22:20:10.803 [Test worker] DEBUG org.springframework.test.context.support.AbstractDirtiesContextTestExecutionListener - Before test class: context [DefaultTestContext@4299506c testClass = PropertyTest, testInstance = [null], testMethod = [null], testException = [null], mergedContextConfiguration = [WebMergedContextConfiguration@207a23a testClass = PropertyTest, locations = '{}', classes = '{class community.community.CommunityApplication}', contextInitializerClasses = '[]', activeProfiles = '{}', propertySourceLocations = '{}', propertySourceProperties = '{org.springframework.boot.test.context.SpringBootTestContextBootstrapper=true}', contextCustomizers = set[org.springframework.boot.test.autoconfigure.properties.PropertyMappingContextCustomizer@0, org.springframework.boot.test.autoconfigure.web.servlet.WebDriverContextCustomizerFactory$Customizer@467b81c1, org.springframework.boot.test.context.filter.ExcludeFilterContextCustomizer@7405ab20, org.springframework.boot.test.json.DuplicateJsonObjectContextCustomizerFactory$DuplicateJsonObjectContextCustomizer@786762e6, org.springframework.boot.test.mock.mockito.MockitoContextCustomizer@0, org.springframework.boot.test.web.client.TestRestTemplateContextCustomizer@5f8e87d2], resourceBasePath = 'src/main/webapp', contextLoader = 'org.springframework.boot.test.context.SpringBootContextLoader', parent = [null]], attributes = map['org.springframework.test.context.web.ServletTestExecutionListener.activateListener' -> true]], class annotated with @DirtiesContext [false] with mode [null].
22:20:10.805 [Test worker] DEBUG org.springframework.test.annotation.ProfileValueUtils - Retrieved @ProfileValueSourceConfiguration [null] for test class [community.community.PropertyTest]
22:20:10.807 [Test worker] DEBUG org.springframework.test.annotation.ProfileValueUtils - Retrieved ProfileValueSource type [class org.springframework.test.annotation.SystemProfileValueSource] for class [community.community.PropertyTest]
22:20:10.824 [Test worker] DEBUG org.springframework.test.context.support.TestPropertySourceUtils - Adding inlined properties to environment: {spring.jmx.enabled=false, org.springframework.boot.test.context.SpringBootTestContextBootstrapper=true, server.port=-1}

  .   ____          _            __ _ _
 /\\ / ___'_ __ _ _(_)_ __  __ _ \ \ \ \
( ( )\___ | '_ | '_| | '_ \/ _` | \ \ \ \
 \\/  ___)| |_)| | | | | || (_| |  ) ) ) )
  '  |____| .__|_| |_|_| |_\__, | / / / /
 =========|_|==============|___/=/_/_/_/
 :: Spring Boot ::        (v2.2.5.RELEASE)

2020-03-24 22:20:16.106  INFO 627 --- [    Test worker] community.community.PropertyTest         : Starting PropertyTest on Jiui-MacBookPro.local with PID 627 (started by sorry in /Users/sorry/develop/workspace/book_springboot2)
2020-03-24 22:20:16.108  INFO 627 --- [    Test worker] community.community.PropertyTest         : No active profile set, falling back to default profiles: default
2020-03-24 22:20:16.936  INFO 627 --- [    Test worker] o.s.s.concurrent.ThreadPoolTaskExecutor  : Initializing ExecutorService 'applicationTaskExecutor'
2020-03-24 22:20:17.118  INFO 627 --- [    Test worker] community.community.PropertyTest         : Started PropertyTest in 6.282 seconds (JVM running for 7.234)
2020-03-24 22:20:17.368  INFO 627 --- [    Test worker] community.community.PropertyTest         : name:banana
2020-03-24 22:20:17.368  INFO 627 --- [    Test worker] community.community.PropertyTest         : color:yellow
2020-03-24 22:20:17.368  INFO 627 --- [    Test worker] community.community.PropertyTest         : name:apple
2020-03-24 22:20:17.368  INFO 627 --- [    Test worker] community.community.PropertyTest         : color:red
2020-03-24 22:20:17.368  INFO 627 --- [    Test worker] community.community.PropertyTest         : name:water melon
2020-03-24 22:20:17.369  INFO 627 --- [    Test worker] community.community.PropertyTest         : color:green
]]></system-out>
  <system-err><![CDATA[]]></system-err>
</testsuite>
